[debug] [2022-09-25T17:24:42.315Z] ----------------------------------------------------------------------
[debug] [2022-09-25T17:24:42.318Z] Command:       C:\Program Files\nodejs\node.exe C:\Users\msi\AppData\Roaming\npm\node_modules\firebase-tools\lib\bin\firebase.js init
[debug] [2022-09-25T17:24:42.319Z] CLI Version:   11.10.0
[debug] [2022-09-25T17:24:42.319Z] Platform:      win32
[debug] [2022-09-25T17:24:42.320Z] Node Version:  v18.5.0
[debug] [2022-09-25T17:24:42.321Z] Time:          Sun Sep 25 2022 23:24:42 GMT+0600 (Bangladesh Standard Time)
[debug] [2022-09-25T17:24:42.321Z] ----------------------------------------------------------------------
[debug] 
[debug] [2022-09-25T17:24:42.335Z] > command requires scopes: ["email","openid","https://www.googleapis.com/auth/cloudplatformprojects.readonly","https://www.googleapis.com/auth/firebase","https://www.googleapis.com/auth/cloud-platform"]
[debug] [2022-09-25T17:24:42.335Z] > authorizing via signed-in user (rhnshariar@gmail.com)
[info] 
     ######## #### ########  ######## ########     ###     ######  ########
     ##        ##  ##     ## ##       ##     ##  ##   ##  ##       ##
     ######    ##  ########  ######   ########  #########  ######  ######
     ##        ##  ##    ##  ##       ##     ## ##     ##       ## ##
     ##       #### ##     ## ######## ########  ##     ##  ######  ########

You're about to initialize a Firebase project in this directory:

  C:\Projects\order_here

Before we get started, keep in mind:

  * You are currently outside your home directory

[info] 
=== Project Setup
[info] 
[info] First, let's associate this project directory with a Firebase project.
[info] You can create multiple project aliases by running firebase use --add, 
[info] but for now we'll just set up a default project.
[info] 
[debug] [2022-09-25T17:25:25.207Z] >>> [apiv2][query] GET https://firebase.googleapis.com/v1beta1/projects pageSize=100
[debug] [2022-09-25T17:25:26.113Z] <<< [apiv2][status] GET https://firebase.googleapis.com/v1beta1/projects 200
[debug] [2022-09-25T17:25:26.113Z] <<< [apiv2][body] GET https://firebase.googleapis.com/v1beta1/projects [omitted]
[debug] [2022-09-25T17:25:40.032Z] ----------------------------------------------------------------------
[debug] [2022-09-25T17:25:40.035Z] Command:       C:\Program Files\nodejs\node.exe C:\Users\msi\AppData\Roaming\npm\node_modules\firebase-tools\lib\bin\firebase.js init
[debug] [2022-09-25T17:25:40.036Z] CLI Version:   11.10.0
[debug] [2022-09-25T17:25:40.036Z] Platform:      win32
[debug] [2022-09-25T17:25:40.036Z] Node Version:  v18.5.0
[debug] [2022-09-25T17:25:40.037Z] Time:          Sun Sep 25 2022 23:25:40 GMT+0600 (Bangladesh Standard Time)
[debug] [2022-09-25T17:25:40.038Z] ----------------------------------------------------------------------
[debug] 
[debug] [2022-09-25T17:25:40.048Z] > command requires scopes: ["email","openid","https://www.googleapis.com/auth/cloudplatformprojects.readonly","https://www.googleapis.com/auth/firebase","https://www.googleapis.com/auth/cloud-platform"]
[debug] [2022-09-25T17:25:40.049Z] > authorizing via signed-in user (rhnshariar@gmail.com)
[info] 
     ######## #### ########  ######## ########     ###     ######  ########
     ##        ##  ##     ## ##       ##     ##  ##   ##  ##       ##
     ######    ##  ########  ######   ########  #########  ######  ######
     ##        ##  ##    ##  ##       ##     ## ##     ##       ## ##
     ##       #### ##     ## ######## ########  ##     ##  ######  ########

You're about to initialize a Firebase project in this directory:

  C:\Projects\order_here

Before we get started, keep in mind:

  * You are currently outside your home directory

[info] 
=== Project Setup
[info] 
[info] First, let's associate this project directory with a Firebase project.
[info] You can create multiple project aliases by running firebase use --add, 
[info] but for now we'll just set up a default project.
[info] 
[info] i  If you want to create a project in a Google Cloud organization or folder, please use "firebase projects:create" instead, and return to this command when you've created the project. 
[debug] [2022-09-25T17:30:03.478Z] >>> [apiv2][query] POST https://cloudresourcemanager.googleapis.com/v1/projects [none]
[debug] [2022-09-25T17:30:03.479Z] >>> [apiv2][body] POST https://cloudresourcemanager.googleapis.com/v1/projects {"projectId":"order-here-ba677","name":"Item Manager"}
[debug] [2022-09-25T17:30:05.402Z] <<< [apiv2][status] POST https://cloudresourcemanager.googleapis.com/v1/projects 409
[debug] [2022-09-25T17:30:05.403Z] <<< [apiv2][body] POST https://cloudresourcemanager.googleapis.com/v1/projects {"error":{"code":409,"message":"Requested entity already exists","status":"ALREADY_EXISTS"}}
[debug] [2022-09-25T17:30:05.747Z] FirebaseError: HTTP Error: 409, Requested entity already exists
    at responseToError (C:\Users\msi\AppData\Roaming\npm\node_modules\firebase-tools\lib\responseToError.js:49:12)
    at RetryOperation._fn (C:\Users\msi\AppData\Roaming\npm\node_modules\firebase-tools\lib\apiv2.js:288:77)
    at process.processTicksAndRejections (node:internal/process/task_queues:95:5)
[error] 
[error] Error: Failed to create project because there is already a project with ID order-here-ba677. Please try again with a unique project ID.
[debug] [2022-09-25T17:31:02.500Z] ----------------------------------------------------------------------
[debug] [2022-09-25T17:31:02.503Z] Command:       C:\Program Files\nodejs\node.exe C:\Users\msi\AppData\Roaming\npm\node_modules\firebase-tools\lib\bin\firebase.js init
[debug] [2022-09-25T17:31:02.504Z] CLI Version:   11.10.0
[debug] [2022-09-25T17:31:02.504Z] Platform:      win32
[debug] [2022-09-25T17:31:02.504Z] Node Version:  v18.5.0
[debug] [2022-09-25T17:31:02.505Z] Time:          Sun Sep 25 2022 23:31:02 GMT+0600 (Bangladesh Standard Time)
[debug] [2022-09-25T17:31:02.505Z] ----------------------------------------------------------------------
[debug] 
[debug] [2022-09-25T17:31:02.519Z] > command requires scopes: ["email","openid","https://www.googleapis.com/auth/cloudplatformprojects.readonly","https://www.googleapis.com/auth/firebase","https://www.googleapis.com/auth/cloud-platform"]
[debug] [2022-09-25T17:31:02.520Z] > authorizing via signed-in user (rhnshariar@gmail.com)
[info] 
     ######## #### ########  ######## ########     ###     ######  ########
     ##        ##  ##     ## ##       ##     ##  ##   ##  ##       ##
     ######    ##  ########  ######   ########  #########  ######  ######
     ##        ##  ##    ##  ##       ##     ## ##     ##       ## ##
     ##       #### ##     ## ######## ########  ##     ##  ######  ########

You're about to initialize a Firebase project in this directory:

  C:\Projects\order_here

Before we get started, keep in mind:

  * You are currently outside your home directory

